{"message":"Executing (default): CREATE TABLE IF NOT EXISTS `categories` (`id` BIGINT(11) NOT NULL auto_increment , `name` VARCHAR(255), `createdAt` DATETIME NOT NULL, `updatedAt` DATETIME NOT NULL, PRIMARY KEY (`id`)) ENGINE=InnoDB;","level":"info","service":"user-service"}
{"message":"Executing (default): SHOW FULL COLUMNS FROM `categories`;","level":"info","service":"user-service"}
{"message":"Executing (default): SELECT CONSTRAINT_NAME as constraint_name,CONSTRAINT_NAME as constraintName,CONSTRAINT_SCHEMA as constraintSchema,CONSTRAINT_SCHEMA as constraintCatalog,TABLE_NAME as tableName,TABLE_SCHEMA as tableSchema,TABLE_SCHEMA as tableCatalog,COLUMN_NAME as columnName,REFERENCED_TABLE_SCHEMA as referencedTableSchema,REFERENCED_TABLE_SCHEMA as referencedTableCatalog,REFERENCED_TABLE_NAME as referencedTableName,REFERENCED_COLUMN_NAME as referencedColumnName FROM INFORMATION_SCHEMA.KEY_COLUMN_USAGE where TABLE_NAME = 'categories' AND CONSTRAINT_NAME!='PRIMARY' AND CONSTRAINT_SCHEMA='ecom' AND REFERENCED_TABLE_NAME IS NOT NULL;","level":"info","service":"user-service"}
{"message":"Executing (default): ALTER TABLE `categories` CHANGE `name` `name` VARCHAR(255);","level":"info","service":"user-service"}
{"message":"Executing (default): ALTER TABLE `categories` CHANGE `createdAt` `createdAt` DATETIME NOT NULL;","level":"info","service":"user-service"}
{"message":"Executing (default): ALTER TABLE `categories` CHANGE `updatedAt` `updatedAt` DATETIME NOT NULL;","level":"info","service":"user-service"}
{"message":"Executing (default): SHOW INDEX FROM `categories`","level":"info","service":"user-service"}
{"message":"Executing (default): CREATE TABLE IF NOT EXISTS `products` (`id` BIGINT(11) NOT NULL auto_increment , `name` VARCHAR(255), `details` VARCHAR(255), `price` FLOAT DEFAULT 0, `category_id` BIGINT(11) NOT NULL, `createdAt` DATETIME NOT NULL, `updatedAt` DATETIME NOT NULL, PRIMARY KEY (`id`), FOREIGN KEY (`category_id`) REFERENCES `categories` (`id`)) ENGINE=InnoDB;","level":"info","service":"user-service"}
{"message":"Executing (default): SHOW FULL COLUMNS FROM `products`;","level":"info","service":"user-service"}
{"message":"Executing (default): SELECT CONSTRAINT_NAME as constraint_name,CONSTRAINT_NAME as constraintName,CONSTRAINT_SCHEMA as constraintSchema,CONSTRAINT_SCHEMA as constraintCatalog,TABLE_NAME as tableName,TABLE_SCHEMA as tableSchema,TABLE_SCHEMA as tableCatalog,COLUMN_NAME as columnName,REFERENCED_TABLE_SCHEMA as referencedTableSchema,REFERENCED_TABLE_SCHEMA as referencedTableCatalog,REFERENCED_TABLE_NAME as referencedTableName,REFERENCED_COLUMN_NAME as referencedColumnName FROM INFORMATION_SCHEMA.KEY_COLUMN_USAGE where TABLE_NAME = 'products' AND CONSTRAINT_NAME!='PRIMARY' AND CONSTRAINT_SCHEMA='ecom' AND REFERENCED_TABLE_NAME IS NOT NULL;","level":"info","service":"user-service"}
{"message":"Executing (default): ALTER TABLE `products` CHANGE `name` `name` VARCHAR(255);","level":"info","service":"user-service"}
{"message":"Executing (default): ALTER TABLE `products` CHANGE `details` `details` VARCHAR(255);","level":"info","service":"user-service"}
{"message":"Executing (default): ALTER TABLE `products` CHANGE `price` `price` FLOAT DEFAULT 0;","level":"info","service":"user-service"}
{"message":"Executing (default): SELECT CONSTRAINT_CATALOG AS constraintCatalog, CONSTRAINT_NAME AS constraintName, CONSTRAINT_SCHEMA AS constraintSchema, CONSTRAINT_TYPE AS constraintType, TABLE_NAME AS tableName, TABLE_SCHEMA AS tableSchema from INFORMATION_SCHEMA.TABLE_CONSTRAINTS WHERE table_name='products' AND constraint_name = 'products_ibfk_1' AND TABLE_SCHEMA = 'ecom';","level":"info","service":"user-service"}
{"message":"Executing (default): ALTER TABLE `products` DROP FOREIGN KEY `products_ibfk_1`;","level":"info","service":"user-service"}
{"message":"Executing (default): ALTER TABLE `products` ADD FOREIGN KEY (`category_id`) REFERENCES `categories` (`id`);","level":"info","service":"user-service"}
{"message":"Executing (default): ALTER TABLE `products` CHANGE `createdAt` `createdAt` DATETIME NOT NULL;","level":"info","service":"user-service"}
{"message":"Executing (default): ALTER TABLE `products` CHANGE `updatedAt` `updatedAt` DATETIME NOT NULL;","level":"info","service":"user-service"}
{"message":"Executing (default): SHOW INDEX FROM `products`","level":"info","service":"user-service"}
{"message":"Executing (default): CREATE TABLE IF NOT EXISTS `attributes` (`id` BIGINT(11) NOT NULL auto_increment , `name` VARCHAR(255), `value` VARCHAR(255), `product_id` BIGINT(11) NOT NULL, `createdAt` DATETIME NOT NULL, `updatedAt` DATETIME NOT NULL, PRIMARY KEY (`id`), FOREIGN KEY (`product_id`) REFERENCES `products` (`id`)) ENGINE=InnoDB;","level":"info","service":"user-service"}
{"message":"Executing (default): SHOW FULL COLUMNS FROM `attributes`;","level":"info","service":"user-service"}
{"message":"Executing (default): SELECT CONSTRAINT_NAME as constraint_name,CONSTRAINT_NAME as constraintName,CONSTRAINT_SCHEMA as constraintSchema,CONSTRAINT_SCHEMA as constraintCatalog,TABLE_NAME as tableName,TABLE_SCHEMA as tableSchema,TABLE_SCHEMA as tableCatalog,COLUMN_NAME as columnName,REFERENCED_TABLE_SCHEMA as referencedTableSchema,REFERENCED_TABLE_SCHEMA as referencedTableCatalog,REFERENCED_TABLE_NAME as referencedTableName,REFERENCED_COLUMN_NAME as referencedColumnName FROM INFORMATION_SCHEMA.KEY_COLUMN_USAGE where TABLE_NAME = 'attributes' AND CONSTRAINT_NAME!='PRIMARY' AND CONSTRAINT_SCHEMA='ecom' AND REFERENCED_TABLE_NAME IS NOT NULL;","level":"info","service":"user-service"}
{"message":"Executing (default): ALTER TABLE `attributes` CHANGE `name` `name` VARCHAR(255);","level":"info","service":"user-service"}
{"message":"Executing (default): ALTER TABLE `attributes` CHANGE `value` `value` VARCHAR(255);","level":"info","service":"user-service"}
{"message":"Executing (default): SELECT CONSTRAINT_CATALOG AS constraintCatalog, CONSTRAINT_NAME AS constraintName, CONSTRAINT_SCHEMA AS constraintSchema, CONSTRAINT_TYPE AS constraintType, TABLE_NAME AS tableName, TABLE_SCHEMA AS tableSchema from INFORMATION_SCHEMA.TABLE_CONSTRAINTS WHERE table_name='attributes' AND constraint_name = 'attributes_ibfk_1' AND TABLE_SCHEMA = 'ecom';","level":"info","service":"user-service"}
{"message":"Executing (default): ALTER TABLE `attributes` DROP FOREIGN KEY `attributes_ibfk_1`;","level":"info","service":"user-service"}
{"message":"Executing (default): ALTER TABLE `attributes` ADD FOREIGN KEY (`product_id`) REFERENCES `products` (`id`);","level":"info","service":"user-service"}
{"message":"Executing (default): ALTER TABLE `attributes` CHANGE `createdAt` `createdAt` DATETIME NOT NULL;","level":"info","service":"user-service"}
{"message":"Executing (default): ALTER TABLE `attributes` CHANGE `updatedAt` `updatedAt` DATETIME NOT NULL;","level":"info","service":"user-service"}
{"message":"Executing (default): SHOW INDEX FROM `attributes`","level":"info","service":"user-service"}
{"message":"Executing (default): CREATE TABLE IF NOT EXISTS `reviews` (`id` BIGINT(11) NOT NULL auto_increment , `review` VARCHAR(255), `product_id` BIGINT(11) NOT NULL, `createdAt` DATETIME NOT NULL, `updatedAt` DATETIME NOT NULL, PRIMARY KEY (`id`), FOREIGN KEY (`product_id`) REFERENCES `products` (`id`)) ENGINE=InnoDB;","level":"info","service":"user-service"}
{"message":"Executing (default): SHOW FULL COLUMNS FROM `reviews`;","level":"info","service":"user-service"}
{"message":"Executing (default): SELECT CONSTRAINT_NAME as constraint_name,CONSTRAINT_NAME as constraintName,CONSTRAINT_SCHEMA as constraintSchema,CONSTRAINT_SCHEMA as constraintCatalog,TABLE_NAME as tableName,TABLE_SCHEMA as tableSchema,TABLE_SCHEMA as tableCatalog,COLUMN_NAME as columnName,REFERENCED_TABLE_SCHEMA as referencedTableSchema,REFERENCED_TABLE_SCHEMA as referencedTableCatalog,REFERENCED_TABLE_NAME as referencedTableName,REFERENCED_COLUMN_NAME as referencedColumnName FROM INFORMATION_SCHEMA.KEY_COLUMN_USAGE where TABLE_NAME = 'reviews' AND CONSTRAINT_NAME!='PRIMARY' AND CONSTRAINT_SCHEMA='ecom' AND REFERENCED_TABLE_NAME IS NOT NULL;","level":"info","service":"user-service"}
{"message":"Executing (default): ALTER TABLE `reviews` CHANGE `review` `review` VARCHAR(255);","level":"info","service":"user-service"}
{"message":"Executing (default): SELECT CONSTRAINT_CATALOG AS constraintCatalog, CONSTRAINT_NAME AS constraintName, CONSTRAINT_SCHEMA AS constraintSchema, CONSTRAINT_TYPE AS constraintType, TABLE_NAME AS tableName, TABLE_SCHEMA AS tableSchema from INFORMATION_SCHEMA.TABLE_CONSTRAINTS WHERE table_name='reviews' AND constraint_name = 'reviews_ibfk_1' AND TABLE_SCHEMA = 'ecom';","level":"info","service":"user-service"}
{"message":"Executing (default): ALTER TABLE `reviews` DROP FOREIGN KEY `reviews_ibfk_1`;","level":"info","service":"user-service"}
{"message":"Executing (default): ALTER TABLE `reviews` ADD FOREIGN KEY (`product_id`) REFERENCES `products` (`id`);","level":"info","service":"user-service"}
{"message":"Executing (default): ALTER TABLE `reviews` CHANGE `createdAt` `createdAt` DATETIME NOT NULL;","level":"info","service":"user-service"}
{"message":"Executing (default): ALTER TABLE `reviews` CHANGE `updatedAt` `updatedAt` DATETIME NOT NULL;","level":"info","service":"user-service"}
{"message":"Executing (default): SHOW INDEX FROM `reviews`","level":"info","service":"user-service"}
{"message":"Executing (default): CREATE TABLE IF NOT EXISTS `customers` (`username` VARCHAR(255) NOT NULL , `name` VARCHAR(255), `email` VARCHAR(255), `phone` BIGINT, `address` VARCHAR(255) DEFAULT NULL, `creditCardNumber` BIGINT DEFAULT NULL, `encryptedPassword` VARCHAR(255), `createdAt` DATETIME NOT NULL, `updatedAt` DATETIME NOT NULL, PRIMARY KEY (`username`)) ENGINE=InnoDB;","level":"info","service":"user-service"}
{"message":"Executing (default): SHOW FULL COLUMNS FROM `customers`;","level":"info","service":"user-service"}
{"message":"Executing (default): SELECT CONSTRAINT_NAME as constraint_name,CONSTRAINT_NAME as constraintName,CONSTRAINT_SCHEMA as constraintSchema,CONSTRAINT_SCHEMA as constraintCatalog,TABLE_NAME as tableName,TABLE_SCHEMA as tableSchema,TABLE_SCHEMA as tableCatalog,COLUMN_NAME as columnName,REFERENCED_TABLE_SCHEMA as referencedTableSchema,REFERENCED_TABLE_SCHEMA as referencedTableCatalog,REFERENCED_TABLE_NAME as referencedTableName,REFERENCED_COLUMN_NAME as referencedColumnName FROM INFORMATION_SCHEMA.KEY_COLUMN_USAGE where TABLE_NAME = 'customers' AND CONSTRAINT_NAME!='PRIMARY' AND CONSTRAINT_SCHEMA='ecom' AND REFERENCED_TABLE_NAME IS NOT NULL;","level":"info","service":"user-service"}
{"message":"Executing (default): ALTER TABLE `customers` CHANGE `name` `name` VARCHAR(255);","level":"info","service":"user-service"}
{"message":"Executing (default): ALTER TABLE `customers` CHANGE `email` `email` VARCHAR(255);","level":"info","service":"user-service"}
{"message":"Executing (default): ALTER TABLE `customers` CHANGE `phone` `phone` BIGINT;","level":"info","service":"user-service"}
{"message":"Executing (default): ALTER TABLE `customers` CHANGE `address` `address` VARCHAR(255) DEFAULT NULL;","level":"info","service":"user-service"}
{"message":"Executing (default): ALTER TABLE `customers` CHANGE `encryptedPassword` `encryptedPassword` VARCHAR(255);","level":"info","service":"user-service"}
{"message":"Executing (default): ALTER TABLE `customers` CHANGE `createdAt` `createdAt` DATETIME NOT NULL;","level":"info","service":"user-service"}
{"message":"Executing (default): ALTER TABLE `customers` CHANGE `updatedAt` `updatedAt` DATETIME NOT NULL;","level":"info","service":"user-service"}
{"message":"Executing (default): ALTER TABLE `customers` CHANGE `creditCardNumber` `creditCardNumber` BIGINT DEFAULT NULL;","level":"info","service":"user-service"}
{"message":"Executing (default): SHOW INDEX FROM `customers`","level":"info","service":"user-service"}
{"message":"Executing (default): CREATE TABLE IF NOT EXISTS `orders` (`id` BIGINT(11) NOT NULL auto_increment , `customer` VARCHAR(255) NOT NULL, `product_id` BIGINT(11) NOT NULL, `qty` INTEGER DEFAULT 1, `createdAt` DATETIME NOT NULL, `updatedAt` DATETIME NOT NULL, PRIMARY KEY (`id`), FOREIGN KEY (`customer`) REFERENCES `customers` (`username`), FOREIGN KEY (`product_id`) REFERENCES `products` (`id`)) ENGINE=InnoDB;","level":"info","service":"user-service"}
{"message":"Executing (default): SHOW FULL COLUMNS FROM `orders`;","level":"info","service":"user-service"}
{"message":"Executing (default): SELECT CONSTRAINT_NAME as constraint_name,CONSTRAINT_NAME as constraintName,CONSTRAINT_SCHEMA as constraintSchema,CONSTRAINT_SCHEMA as constraintCatalog,TABLE_NAME as tableName,TABLE_SCHEMA as tableSchema,TABLE_SCHEMA as tableCatalog,COLUMN_NAME as columnName,REFERENCED_TABLE_SCHEMA as referencedTableSchema,REFERENCED_TABLE_SCHEMA as referencedTableCatalog,REFERENCED_TABLE_NAME as referencedTableName,REFERENCED_COLUMN_NAME as referencedColumnName FROM INFORMATION_SCHEMA.KEY_COLUMN_USAGE where TABLE_NAME = 'orders' AND CONSTRAINT_NAME!='PRIMARY' AND CONSTRAINT_SCHEMA='ecom' AND REFERENCED_TABLE_NAME IS NOT NULL;","level":"info","service":"user-service"}
{"message":"Executing (default): SELECT CONSTRAINT_CATALOG AS constraintCatalog, CONSTRAINT_NAME AS constraintName, CONSTRAINT_SCHEMA AS constraintSchema, CONSTRAINT_TYPE AS constraintType, TABLE_NAME AS tableName, TABLE_SCHEMA AS tableSchema from INFORMATION_SCHEMA.TABLE_CONSTRAINTS WHERE table_name='orders' AND constraint_name = 'orders_ibfk_107' AND TABLE_SCHEMA = 'ecom';","level":"info","service":"user-service"}
{"message":"Executing (default): ALTER TABLE `orders` DROP FOREIGN KEY `orders_ibfk_107`;","level":"info","service":"user-service"}
{"message":"Executing (default): ALTER TABLE `orders` ADD FOREIGN KEY (`customer`) REFERENCES `customers` (`username`);","level":"info","service":"user-service"}
{"message":"Executing (default): SELECT CONSTRAINT_CATALOG AS constraintCatalog, CONSTRAINT_NAME AS constraintName, CONSTRAINT_SCHEMA AS constraintSchema, CONSTRAINT_TYPE AS constraintType, TABLE_NAME AS tableName, TABLE_SCHEMA AS tableSchema from INFORMATION_SCHEMA.TABLE_CONSTRAINTS WHERE table_name='orders' AND constraint_name = 'orders_ibfk_108' AND TABLE_SCHEMA = 'ecom';","level":"info","service":"user-service"}
{"message":"Executing (default): ALTER TABLE `orders` DROP FOREIGN KEY `orders_ibfk_108`;","level":"info","service":"user-service"}
{"message":"Executing (default): ALTER TABLE `orders` ADD FOREIGN KEY (`product_id`) REFERENCES `products` (`id`);","level":"info","service":"user-service"}
{"message":"Executing (default): ALTER TABLE `orders` CHANGE `createdAt` `createdAt` DATETIME NOT NULL;","level":"info","service":"user-service"}
{"message":"Executing (default): ALTER TABLE `orders` CHANGE `updatedAt` `updatedAt` DATETIME NOT NULL;","level":"info","service":"user-service"}
{"message":"Executing (default): ALTER TABLE `orders` CHANGE `qty` `qty` INTEGER DEFAULT 1;","level":"info","service":"user-service"}
{"message":"Executing (default): SHOW INDEX FROM `orders`","level":"info","service":"user-service"}
{"message":"Executing (default): CREATE TABLE IF NOT EXISTS `shoppingCarts` (`id` BIGINT(11) NOT NULL auto_increment , `customer` VARCHAR(255) NOT NULL, `product_id` BIGINT(11) NOT NULL, `qty` INTEGER DEFAULT 1, `createdAt` DATETIME NOT NULL, `updatedAt` DATETIME NOT NULL, PRIMARY KEY (`id`), FOREIGN KEY (`customer`) REFERENCES `customers` (`username`), FOREIGN KEY (`product_id`) REFERENCES `products` (`id`)) ENGINE=InnoDB;","level":"info","service":"user-service"}
{"message":"Executing (default): SHOW FULL COLUMNS FROM `shoppingCarts`;","level":"info","service":"user-service"}
{"message":"Executing (default): SELECT CONSTRAINT_NAME as constraint_name,CONSTRAINT_NAME as constraintName,CONSTRAINT_SCHEMA as constraintSchema,CONSTRAINT_SCHEMA as constraintCatalog,TABLE_NAME as tableName,TABLE_SCHEMA as tableSchema,TABLE_SCHEMA as tableCatalog,COLUMN_NAME as columnName,REFERENCED_TABLE_SCHEMA as referencedTableSchema,REFERENCED_TABLE_SCHEMA as referencedTableCatalog,REFERENCED_TABLE_NAME as referencedTableName,REFERENCED_COLUMN_NAME as referencedColumnName FROM INFORMATION_SCHEMA.KEY_COLUMN_USAGE where TABLE_NAME = 'shoppingCarts' AND CONSTRAINT_NAME!='PRIMARY' AND CONSTRAINT_SCHEMA='ecom' AND REFERENCED_TABLE_NAME IS NOT NULL;","level":"info","service":"user-service"}
{"message":"Executing (default): SELECT CONSTRAINT_CATALOG AS constraintCatalog, CONSTRAINT_NAME AS constraintName, CONSTRAINT_SCHEMA AS constraintSchema, CONSTRAINT_TYPE AS constraintType, TABLE_NAME AS tableName, TABLE_SCHEMA AS tableSchema from INFORMATION_SCHEMA.TABLE_CONSTRAINTS WHERE table_name='shoppingCarts' AND constraint_name = 'shoppingCarts_ibfk_107' AND TABLE_SCHEMA = 'ecom';","level":"info","service":"user-service"}
{"message":"Executing (default): ALTER TABLE `shoppingCarts` DROP FOREIGN KEY `shoppingCarts_ibfk_107`;","level":"info","service":"user-service"}
{"message":"Executing (default): ALTER TABLE `shoppingCarts` ADD FOREIGN KEY (`customer`) REFERENCES `customers` (`username`);","level":"info","service":"user-service"}
{"message":"Executing (default): SELECT CONSTRAINT_CATALOG AS constraintCatalog, CONSTRAINT_NAME AS constraintName, CONSTRAINT_SCHEMA AS constraintSchema, CONSTRAINT_TYPE AS constraintType, TABLE_NAME AS tableName, TABLE_SCHEMA AS tableSchema from INFORMATION_SCHEMA.TABLE_CONSTRAINTS WHERE table_name='shoppingCarts' AND constraint_name = 'shoppingCarts_ibfk_108' AND TABLE_SCHEMA = 'ecom';","level":"info","service":"user-service"}
{"message":"Executing (default): ALTER TABLE `shoppingCarts` DROP FOREIGN KEY `shoppingCarts_ibfk_108`;","level":"info","service":"user-service"}
{"message":"Executing (default): ALTER TABLE `shoppingCarts` ADD FOREIGN KEY (`product_id`) REFERENCES `products` (`id`);","level":"info","service":"user-service"}
{"message":"Executing (default): ALTER TABLE `shoppingCarts` CHANGE `createdAt` `createdAt` DATETIME NOT NULL;","level":"info","service":"user-service"}
{"message":"Executing (default): ALTER TABLE `shoppingCarts` CHANGE `updatedAt` `updatedAt` DATETIME NOT NULL;","level":"info","service":"user-service"}
{"message":"Executing (default): ALTER TABLE `shoppingCarts` CHANGE `qty` `qty` INTEGER DEFAULT 1;","level":"info","service":"user-service"}
{"message":"Executing (default): SHOW INDEX FROM `shoppingCarts`","level":"info","service":"user-service"}
{"message":"Successfully connected to MySQL server.","level":"info","service":"user-service"}
{"message":"Executing (default): SELECT `id`, `name`, `details`, `price`, `category_id`, `createdAt`, `updatedAt` FROM `products` AS `products` WHERE `products`.`id` = '4';","level":"info","service":"user-service"}
{"message":"No product exists with this id !","level":"error","service":"user-service"}
{"message":"Executing (default): SELECT `id`, `name`, `details`, `price`, `category_id`, `createdAt`, `updatedAt` FROM `products` AS `products` WHERE `products`.`id` = '3';","level":"info","service":"user-service"}
{"message":"Executing (default): INSERT INTO `reviews` (`id`,`review`,`product_id`,`createdAt`,`updatedAt`) VALUES (DEFAULT,?,?,?,?);","level":"info","service":"user-service"}
{"message":"\"review\" is required","level":"error","service":"user-service"}
{"message":"Executing (default): SELECT `id`, `name`, `details`, `price`, `category_id`, `createdAt`, `updatedAt` FROM `products` AS `products` WHERE `products`.`id` = '5';","level":"info","service":"user-service"}
{"message":"Executing (default): INSERT INTO `reviews` (`id`,`review`,`product_id`,`createdAt`,`updatedAt`) VALUES (DEFAULT,?,?,?,?);","level":"info","service":"user-service"}
{"message":"Executing (default): SELECT `id`, `review`, `product_id`, `createdAt`, `updatedAt` FROM `reviews` AS `reviews` WHERE `reviews`.`product_id` = '1';","level":"info","service":"user-service"}
{"message":"Executing (default): SELECT `id`, `review`, `product_id`, `createdAt`, `updatedAt` FROM `reviews` AS `reviews` WHERE `reviews`.`product_id` = '5';","level":"info","service":"user-service"}
